# JRE version: Java(TM) SE Runtime Environment (8.0_45-b14) (build 1.8.0_45-b14)
# Java VM: Java HotSpot(TM) 64-Bit Server VM (25.45-b02 mixed mode windows-amd64 compressed oops)
Heap:
 PSYoungGen      total 314880K, used 261632K [0x00000000d5580000, 0x00000000ec600000, 0x0000000100000000)
  eden space 261632K, 100% used [0x00000000d5580000,0x00000000e5500000,0x00000000e5500000)
  from space 53248K, 0% used [0x00000000e5500000,0x00000000e5500000,0x00000000e8900000)
  to   space 48640K, 0% used [0x00000000e8900000,0x00000000e8900000,0x00000000eb880000)
 ParOldGen       total 109568K, used 98300K [0x0000000080000000, 0x0000000086b00000, 0x00000000d5580000)
  object space 109568K, 89% used [0x0000000080000000,0x0000000085fff2c0,0x0000000086b00000)
 Metaspace       used 48671K, capacity 49586K, committed 49792K, reserved 1091584K
  class space    used 6463K, capacity 6694K, committed 6784K, reserved 1048576K
GC Heap History (10 events):
Event: 32.523 GC heap before
{Heap before GC invocations=19 (full 3):
 PSYoungGen      total 314880K, used 261632K [0x00000000d5580000, 0x00000000ec600000, 0x0000000100000000)
  eden space 261632K, 100% used [0x00000000d5580000,0x00000000e5500000,0x00000000e5500000)
  from space 53248K, 0% used [0x00000000e5500000,0x00000000e5500000,0x00000000e8900000)
  to   space 48640K, 0% used [0x00000000e8900000,0x00000000e8900000,0x00000000eb880000)
 ParOldGen       total 109568K, used 65926K [0x0000000080000000, 0x0000000086b00000, 0x00000000d5580000)
  object space 109568K, 60% used [0x0000000080000000,0x0000000084061ad0,0x0000000086b00000)
 Metaspace       used 48621K, capacity 49522K, committed 49792K, reserved 1091584K
  class space    used 6462K, capacity 6694K, committed 6784K, reserved 1048576K
Event: 32.576 GC heap after
Heap after GC invocations=19 (full 3):
 PSYoungGen      total 310272K, used 19966K [0x00000000d5580000, 0x00000000ec600000, 0x0000000100000000)
  eden space 261632K, 0% used [0x00000000d5580000,0x00000000d5580000,0x00000000e5500000)
  from space 48640K, 41% used [0x00000000e8900000,0x00000000e9c7f8f8,0x00000000eb880000)
  to   space 53248K, 0% used [0x00000000e5500000,0x00000000e5500000,0x00000000e8900000)
 ParOldGen       total 109568K, used 65926K [0x0000000080000000, 0x0000000086b00000, 0x00000000d5580000)
  object space 109568K, 60% used [0x0000000080000000,0x0000000084061ad0,0x0000000086b00000)
 Metaspace       used 48621K, capacity 49522K, committed 49792K, reserved 1091584K
  class space    used 6462K, capacity 6694K, committed 6784K, reserved 1048576K
}
Event: 34.535 GC heap before
{Heap before GC invocations=20 (full 3):
 PSYoungGen      total 310272K, used 281598K [0x00000000d5580000, 0x00000000ec600000, 0x0000000100000000)
  eden space 261632K, 100% used [0x00000000d5580000,0x00000000e5500000,0x00000000e5500000)
  from space 48640K, 41% used [0x00000000e8900000,0x00000000e9c7f8f8,0x00000000eb880000)
  to   space 53248K, 0% used [0x00000000e5500000,0x00000000e5500000,0x00000000e8900000)
 ParOldGen       total 109568K, used 65926K [0x0000000080000000, 0x0000000086b00000, 0x00000000d5580000)
  object space 109568K, 60% used [0x0000000080000000,0x0000000084061ad0,0x0000000086b00000)
 Metaspace       used 48646K, capacity 49586K, committed 49792K, reserved 1091584K
  class space    used 6462K, capacity 6694K, committed 6784K, reserved 1048576K
Event: 34.644 GC heap after
Heap after GC invocations=20 (full 3):
 PSYoungGen      total 314880K, used 33126K [0x00000000d5580000, 0x00000000ec600000, 0x0000000100000000)
  eden space 261632K, 0% used [0x00000000d5580000,0x00000000d5580000,0x00000000e5500000)
  from space 53248K, 62% used [0x00000000e5500000,0x00000000e7559ba8,0x00000000e8900000)
  to   space 48640K, 0% used [0x00000000e8900000,0x00000000e8900000,0x00000000eb880000)
 ParOldGen       total 109568K, used 77318K [0x0000000080000000, 0x0000000086b00000, 0x00000000d5580000)
  object space 109568K, 70% used [0x0000000080000000,0x0000000084b81ac0,0x0000000086b00000)
 Metaspace       used 48646K, capacity 49586K, committed 49792K, reserved 1091584K
  class space    used 6462K, capacity 6694K, committed 6784K, reserved 1048576K
}
Event: 36.535 GC heap before
{Heap before GC invocations=21 (full 3):
 PSYoungGen      total 314880K, used 294758K [0x00000000d5580000, 0x00000000ec600000, 0x0000000100000000)
  eden space 261632K, 100% used [0x00000000d5580000,0x00000000e5500000,0x00000000e5500000)
  from space 53248K, 62% used [0x00000000e5500000,0x00000000e7559ba8,0x00000000e8900000)
  to   space 48640K, 0% used [0x00000000e8900000,0x00000000e8900000,0x00000000eb880000)
 ParOldGen       total 109568K, used 77318K [0x0000000080000000, 0x0000000086b00000, 0x00000000d5580000)
  object space 109568K, 70% used [0x0000000080000000,0x0000000084b81ac0,0x0000000086b00000)
 Metaspace       used 48659K, capacity 49586K, committed 49792K, reserved 1091584K
  class space    used 6462K, capacity 6694K, committed 6784K, reserved 1048576K
Event: 36.592 GC heap after
Heap after GC invocations=21 (full 3):
 PSYoungGen      total 310272K, used 16149K [0x00000000d5580000, 0x00000000ec600000, 0x0000000100000000)
  eden space 261632K, 0% used [0x00000000d5580000,0x00000000d5580000,0x00000000e5500000)
  from space 48640K, 33% used [0x00000000e8900000,0x00000000e98c5548,0x00000000eb880000)
  to   space 53248K, 0% used [0x00000000e5500000,0x00000000e5500000,0x00000000e8900000)
 ParOldGen       total 109568K, used 81404K [0x0000000080000000, 0x0000000086b00000, 0x00000000d5580000)
  object space 109568K, 74% used [0x0000000080000000,0x0000000084f7f350,0x0000000086b00000)
 Metaspace       used 48659K, capacity 49586K, committed 49792K, reserved 1091584K
  class space    used 6462K, capacity 6694K, committed 6784K, reserved 1048576K
}
Event: 38.252 GC heap before
{Heap before GC invocations=22 (full 3):
 PSYoungGen      total 310272K, used 277781K [0x00000000d5580000, 0x00000000ec600000, 0x0000000100000000)
  eden space 261632K, 100% used [0x00000000d5580000,0x00000000e5500000,0x00000000e5500000)
  from space 48640K, 33% used [0x00000000e8900000,0x00000000e98c5548,0x00000000eb880000)
  to   space 53248K, 0% used [0x00000000e5500000,0x00000000e5500000,0x00000000e8900000)
 ParOldGen       total 109568K, used 81404K [0x0000000080000000, 0x0000000086b00000, 0x00000000d5580000)
  object space 109568K, 74% used [0x0000000080000000,0x0000000084f7f350,0x0000000086b00000)
 Metaspace       used 48662K, capacity 49586K, committed 49792K, reserved 1091584K
  class space    used 6462K, capacity 6694K, committed 6784K, reserved 1048576K
Event: 38.339 GC heap after
Heap after GC invocations=22 (full 3):
 PSYoungGen      total 314880K, used 29148K [0x00000000d5580000, 0x00000000ec600000, 0x0000000100000000)
  eden space 261632K, 0% used [0x00000000d5580000,0x00000000d5580000,0x00000000e5500000)
  from space 53248K, 54% used [0x00000000e5500000,0x00000000e7177018,0x00000000e8900000)
  to   space 48640K, 0% used [0x00000000e8900000,0x00000000e8900000,0x00000000eb880000)
 ParOldGen       total 109568K, used 89557K [0x0000000080000000, 0x0000000086b00000, 0x00000000d5580000)
  object space 109568K, 81% used [0x0000000080000000,0x00000000857754f0,0x0000000086b00000)
 Metaspace       used 48662K, capacity 49586K, committed 49792K, reserved 1091584K
  class space    used 6462K, capacity 6694K, committed 6784K, reserved 1048576K
}
Event: 38.339 GC heap before
{Heap before GC invocations=23 (full 4):
 PSYoungGen      total 314880K, used 29148K [0x00000000d5580000, 0x00000000ec600000, 0x0000000100000000)
  eden space 261632K, 0% used [0x00000000d5580000,0x00000000d5580000,0x00000000e5500000)
  from space 53248K, 54% used [0x00000000e5500000,0x00000000e7177018,0x00000000e8900000)
  to   space 48640K, 0% used [0x00000000e8900000,0x00000000e8900000,0x00000000eb880000)
 ParOldGen       total 109568K, used 89557K [0x0000000080000000, 0x0000000086b00000, 0x00000000d5580000)
  object space 109568K, 81% used [0x0000000080000000,0x00000000857754f0,0x0000000086b00000)
 Metaspace       used 48662K, capacity 49586K, committed 49792K, reserved 1091584K
  class space    used 6462K, capacity 6694K, committed 6784K, reserved 1048576K
Event: 38.957 GC heap after
Heap after GC invocations=23 (full 4):
 PSYoungGen      total 314880K, used 0K [0x00000000d5580000, 0x00000000ec600000, 0x0000000100000000)
  eden space 261632K, 0% used [0x00000000d5580000,0x00000000d5580000,0x00000000e5500000)
  from space 53248K, 0% used [0x00000000e5500000,0x00000000e5500000,0x00000000e8900000)
  to   space 48640K, 0% used [0x00000000e8900000,0x00000000e8900000,0x00000000eb880000)
 ParOldGen       total 109568K, used 98300K [0x0000000080000000, 0x0000000086b00000, 0x00000000d5580000)
  object space 109568K, 89% used [0x0000000080000000,0x0000000085fff2c0,0x0000000086b00000)
 Metaspace       used 48662K, capacity 49586K, committed 49792K, reserved 1091584K
  class space    used 6462K, capacity 6694K, committed 6784K, reserved 1048576K
}

